		****   DISASSEMBLER  ****


disassembly for IP25.O/ip25prom-1MB-4-2-1_9

section	.text
Skipping source listing to line 23 of /build/ajc/banyan/stand/arcs/IP25prom/vector.s...
   24:  * The power-on vector table starts here.  It is important to ensure
   25:  * that this file is loaded at 0x900000001fc00000 so that the vectors
   26:  * appear in the memory locations expected by the R10000.
   27:  */
   28: 
   29: #define	HANDLER(_handler)	j	_handler; nop
   30: #define	INVALID()		HANDLER(notimplemented)
   31: 
   32: LEAF(start)
   33: 	HANDLER(entry);			HANDLER(bevRestartMaster);
start:
[  33] 0x900000001fc00000:  0b f0 01 10 j		entry
[  33] 0x900000001fc00004:  00 00 00 00 nop
[  33] 0x900000001fc00008:  0b f0 02 46 j		bevRestartMaster
[  33] 0x900000001fc0000c:  00 00 00 00 nop
   34: 	HANDLER(bevRestartSlave);	HANDLER(bevPodMode)
[  34] 0x900000001fc00010:  0b f0 02 89 j		bevRestartSlave
[  34] 0x900000001fc00014:  00 00 00 00 nop
[  34] 0x900000001fc00018:  0b f0 02 99 j		bevPodMode
[  34] 0x900000001fc0001c:  00 00 00 00 nop
   35: 	HANDLER(bevRestartMasterEPC);	HANDLER(bevFlashLeds)
[  35] 0x900000001fc00020:  0b f0 02 91 j		bevRestartMasterEPC
[  35] 0x900000001fc00024:  00 00 00 00 nop
[  35] 0x900000001fc00028:  0b f0 04 92 j		bevFlashLeds
[  35] 0x900000001fc0002c:  00 00 00 00 nop
   36: 	HANDLER(bevRePod);		HANDLER(bevIP25monExit);
[  36] 0x900000001fc00030:  0b f0 05 66 j		bevRePod
[  36] 0x900000001fc00034:  00 00 00 00 nop
[  36] 0x900000001fc00038:  0b f0 05 8a j		bevIP25monExit
[  36] 0x900000001fc0003c:  00 00 00 00 nop
   37: 	INVALID();			INVALID(); /* 0x40 */
[  37] 0x900000001fc00040:  0b f0 05 42 j		notimplemented
[  37] 0x900000001fc00044:  00 00 00 00 nop
[  37] 0x900000001fc00048:  0b f0 05 42 j		notimplemented
[  37] 0x900000001fc0004c:  00 00 00 00 nop
   38:         INVALID();			INVALID();	
[  38] 0x900000001fc00050:  0b f0 05 42 j		notimplemented
[  38] 0x900000001fc00054:  00 00 00 00 nop
[  38] 0x900000001fc00058:  0b f0 05 42 j		notimplemented
[  38] 0x900000001fc0005c:  00 00 00 00 nop
   39: 	INVALID();			INVALID();
[  39] 0x900000001fc00060:  0b f0 05 42 j		notimplemented
[  39] 0x900000001fc00064:  00 00 00 00 nop
[  39] 0x900000001fc00068:  0b f0 05 42 j		notimplemented
[  39] 0x900000001fc0006c:  00 00 00 00 nop
   40:         INVALID();			INVALID();	
[  40] 0x900000001fc00070:  0b f0 05 42 j		notimplemented
[  40] 0x900000001fc00074:  00 00 00 00 nop
[  40] 0x900000001fc00078:  0b f0 05 42 j		notimplemented
[  40] 0x900000001fc0007c:  00 00 00 00 nop
   41: 	INVALID();			INVALID(); /* 0x80 */
[  41] 0x900000001fc00080:  0b f0 05 42 j		notimplemented
[  41] 0x900000001fc00084:  00 00 00 00 nop
[  41] 0x900000001fc00088:  0b f0 05 42 j		notimplemented
[  41] 0x900000001fc0008c:  00 00 00 00 nop
   42:         INVALID();			INVALID();	
[  42] 0x900000001fc00090:  0b f0 05 42 j		notimplemented
[  42] 0x900000001fc00094:  00 00 00 00 nop
[  42] 0x900000001fc00098:  0b f0 05 42 j		notimplemented
[  42] 0x900000001fc0009c:  00 00 00 00 nop
   43: 	INVALID();			INVALID();
[  43] 0x900000001fc000a0:  0b f0 05 42 j		notimplemented
[  43] 0x900000001fc000a4:  00 00 00 00 nop
[  43] 0x900000001fc000a8:  0b f0 05 42 j		notimplemented
[  43] 0x900000001fc000ac:  00 00 00 00 nop
   44:         INVALID();			INVALID();	
[  44] 0x900000001fc000b0:  0b f0 05 42 j		notimplemented
[  44] 0x900000001fc000b4:  00 00 00 00 nop
[  44] 0x900000001fc000b8:  0b f0 05 42 j		notimplemented
[  44] 0x900000001fc000bc:  00 00 00 00 nop
   45: 	INVALID();			INVALID(); /* 0xc0 */
[  45] 0x900000001fc000c0:  0b f0 05 42 j		notimplemented
[  45] 0x900000001fc000c4:  00 00 00 00 nop
[  45] 0x900000001fc000c8:  0b f0 05 42 j		notimplemented
[  45] 0x900000001fc000cc:  00 00 00 00 nop
   46:         INVALID();			INVALID();	
[  46] 0x900000001fc000d0:  0b f0 05 42 j		notimplemented
[  46] 0x900000001fc000d4:  00 00 00 00 nop
[  46] 0x900000001fc000d8:  0b f0 05 42 j		notimplemented
[  46] 0x900000001fc000dc:  00 00 00 00 nop
   47: 	INVALID();			INVALID();
[  47] 0x900000001fc000e0:  0b f0 05 42 j		notimplemented
[  47] 0x900000001fc000e4:  00 00 00 00 nop
[  47] 0x900000001fc000e8:  0b f0 05 42 j		notimplemented
[  47] 0x900000001fc000ec:  00 00 00 00 nop
   48:         INVALID();			INVALID();		
[  48] 0x900000001fc000f0:  0b f0 05 42 j		notimplemented
[  48] 0x900000001fc000f4:  00 00 00 00 nop
[  48] 0x900000001fc000f8:  0b f0 05 42 j		notimplemented
[  48] 0x900000001fc000fc:  00 00 00 00 nop
   49: 	HANDLER(bevECC);		INVALID(); /* 0x100 */
[  49] 0x900000001fc00100:  0b f0 04 fa j		bevECC
[  49] 0x900000001fc00104:  00 00 00 00 nop
[  49] 0x900000001fc00108:  0b f0 05 42 j		notimplemented
[  49] 0x900000001fc0010c:  00 00 00 00 nop
   50:         INVALID();			INVALID();		
[  50] 0x900000001fc00110:  0b f0 05 42 j		notimplemented
[  50] 0x900000001fc00114:  00 00 00 00 nop
[  50] 0x900000001fc00118:  0b f0 05 42 j		notimplemented
[  50] 0x900000001fc0011c:  00 00 00 00 nop
   51: 	INVALID();			INVALID();
[  51] 0x900000001fc00120:  0b f0 05 42 j		notimplemented
[  51] 0x900000001fc00124:  00 00 00 00 nop
[  51] 0x900000001fc00128:  0b f0 05 42 j		notimplemented
[  51] 0x900000001fc0012c:  00 00 00 00 nop
   52:         INVALID();			INVALID();		
[  52] 0x900000001fc00130:  0b f0 05 42 j		notimplemented
[  52] 0x900000001fc00134:  00 00 00 00 nop
[  52] 0x900000001fc00138:  0b f0 05 42 j		notimplemented
[  52] 0x900000001fc0013c:  00 00 00 00 nop
   53: 	INVALID();			INVALID(); /* 0x140 */
[  53] 0x900000001fc00140:  0b f0 05 42 j		notimplemented
[  53] 0x900000001fc00144:  00 00 00 00 nop
[  53] 0x900000001fc00148:  0b f0 05 42 j		notimplemented
[  53] 0x900000001fc0014c:  00 00 00 00 nop
   54:         INVALID();			INVALID();	
[  54] 0x900000001fc00150:  0b f0 05 42 j		notimplemented
[  54] 0x900000001fc00154:  00 00 00 00 nop
[  54] 0x900000001fc00158:  0b f0 05 42 j		notimplemented
[  54] 0x900000001fc0015c:  00 00 00 00 nop
   55: 	INVALID();			INVALID();
[  55] 0x900000001fc00160:  0b f0 05 42 j		notimplemented
[  55] 0x900000001fc00164:  00 00 00 00 nop
[  55] 0x900000001fc00168:  0b f0 05 42 j		notimplemented
[  55] 0x900000001fc0016c:  00 00 00 00 nop
   56:         INVALID();			INVALID();	
[  56] 0x900000001fc00170:  0b f0 05 42 j		notimplemented
[  56] 0x900000001fc00174:  00 00 00 00 nop
[  56] 0x900000001fc00178:  0b f0 05 42 j		notimplemented
[  56] 0x900000001fc0017c:  00 00 00 00 nop
   57: 	INVALID();			INVALID(); /* 0x180 */
[  57] 0x900000001fc00180:  0b f0 05 42 j		notimplemented
[  57] 0x900000001fc00184:  00 00 00 00 nop
[  57] 0x900000001fc00188:  0b f0 05 42 j		notimplemented
[  57] 0x900000001fc0018c:  00 00 00 00 nop
   58:         INVALID();			INVALID();	
[  58] 0x900000001fc00190:  0b f0 05 42 j		notimplemented
[  58] 0x900000001fc00194:  00 00 00 00 nop
[  58] 0x900000001fc00198:  0b f0 05 42 j		notimplemented
[  58] 0x900000001fc0019c:  00 00 00 00 nop
   59: 	INVALID();			INVALID();
[  59] 0x900000001fc001a0:  0b f0 05 42 j		notimplemented
[  59] 0x900000001fc001a4:  00 00 00 00 nop
[  59] 0x900000001fc001a8:  0b f0 05 42 j		notimplemented
[  59] 0x900000001fc001ac:  00 00 00 00 nop
   60:         INVALID();			INVALID();	
[  60] 0x900000001fc001b0:  0b f0 05 42 j		notimplemented
[  60] 0x900000001fc001b4:  00 00 00 00 nop
[  60] 0x900000001fc001b8:  0b f0 05 42 j		notimplemented
[  60] 0x900000001fc001bc:  00 00 00 00 nop
   61: 	INVALID();			INVALID(); /* 0x1c0 */
[  61] 0x900000001fc001c0:  0b f0 05 42 j		notimplemented
[  61] 0x900000001fc001c4:  00 00 00 00 nop
[  61] 0x900000001fc001c8:  0b f0 05 42 j		notimplemented
[  61] 0x900000001fc001cc:  00 00 00 00 nop
   62:         INVALID();			INVALID();	
[  62] 0x900000001fc001d0:  0b f0 05 42 j		notimplemented
[  62] 0x900000001fc001d4:  00 00 00 00 nop
[  62] 0x900000001fc001d8:  0b f0 05 42 j		notimplemented
[  62] 0x900000001fc001dc:  00 00 00 00 nop
   63: 	INVALID();			INVALID();
[  63] 0x900000001fc001e0:  0b f0 05 42 j		notimplemented
[  63] 0x900000001fc001e4:  00 00 00 00 nop
[  63] 0x900000001fc001e8:  0b f0 05 42 j		notimplemented
[  63] 0x900000001fc001ec:  00 00 00 00 nop
   64:         INVALID();			INVALID();	
[  64] 0x900000001fc001f0:  0b f0 05 42 j		notimplemented
[  64] 0x900000001fc001f4:  00 00 00 00 nop
[  64] 0x900000001fc001f8:  0b f0 05 42 j		notimplemented
[  64] 0x900000001fc001fc:  00 00 00 00 nop
   65: 	INVALID();			INVALID(); /* 0x200 */
[  65] 0x900000001fc00200:  0b f0 05 42 j		notimplemented
[  65] 0x900000001fc00204:  00 00 00 00 nop
[  65] 0x900000001fc00208:  0b f0 05 42 j		notimplemented
[  65] 0x900000001fc0020c:  00 00 00 00 nop
   66:         INVALID();			INVALID();	
[  66] 0x900000001fc00210:  0b f0 05 42 j		notimplemented
[  66] 0x900000001fc00214:  00 00 00 00 nop
[  66] 0x900000001fc00218:  0b f0 05 42 j		notimplemented
[  66] 0x900000001fc0021c:  00 00 00 00 nop
   67: 	INVALID();			INVALID();
[  67] 0x900000001fc00220:  0b f0 05 42 j		notimplemented
[  67] 0x900000001fc00224:  00 00 00 00 nop
[  67] 0x900000001fc00228:  0b f0 05 42 j		notimplemented
[  67] 0x900000001fc0022c:  00 00 00 00 nop
   68:         INVALID();			INVALID();		
[  68] 0x900000001fc00230:  0b f0 05 42 j		notimplemented
[  68] 0x900000001fc00234:  00 00 00 00 nop
[  68] 0x900000001fc00238:  0b f0 05 42 j		notimplemented
[  68] 0x900000001fc0023c:  00 00 00 00 nop
   69: 	INVALID();			INVALID(); /* 0x240 */
[  69] 0x900000001fc00240:  0b f0 05 42 j		notimplemented
[  69] 0x900000001fc00244:  00 00 00 00 nop
[  69] 0x900000001fc00248:  0b f0 05 42 j		notimplemented
[  69] 0x900000001fc0024c:  00 00 00 00 nop
   70:         INVALID();			INVALID();	
[  70] 0x900000001fc00250:  0b f0 05 42 j		notimplemented
[  70] 0x900000001fc00254:  00 00 00 00 nop
[  70] 0x900000001fc00258:  0b f0 05 42 j		notimplemented
[  70] 0x900000001fc0025c:  00 00 00 00 nop
   71: 	INVALID();			INVALID();
[  71] 0x900000001fc00260:  0b f0 05 42 j		notimplemented
[  71] 0x900000001fc00264:  00 00 00 00 nop
[  71] 0x900000001fc00268:  0b f0 05 42 j		notimplemented
[  71] 0x900000001fc0026c:  00 00 00 00 nop
   72:         INVALID();			INVALID();	
[  72] 0x900000001fc00270:  0b f0 05 42 j		notimplemented
[  72] 0x900000001fc00274:  00 00 00 00 nop
[  72] 0x900000001fc00278:  0b f0 05 42 j		notimplemented
[  72] 0x900000001fc0027c:  00 00 00 00 nop
   73: 	HANDLER(bevXtlbRefill);		INVALID(); /* 0x280 */
[  73] 0x900000001fc00280:  0b f0 05 1e j		bevXtlbRefill
[  73] 0x900000001fc00284:  00 00 00 00 nop
[  73] 0x900000001fc00288:  0b f0 05 42 j		notimplemented
[  73] 0x900000001fc0028c:  00 00 00 00 nop
   74:         INVALID();			INVALID();	
[  74] 0x900000001fc00290:  0b f0 05 42 j		notimplemented
[  74] 0x900000001fc00294:  00 00 00 00 nop
[  74] 0x900000001fc00298:  0b f0 05 42 j		notimplemented
[  74] 0x900000001fc0029c:  00 00 00 00 nop
   75: 	INVALID();			INVALID();
[  75] 0x900000001fc002a0:  0b f0 05 42 j		notimplemented
[  75] 0x900000001fc002a4:  00 00 00 00 nop
[  75] 0x900000001fc002a8:  0b f0 05 42 j		notimplemented
[  75] 0x900000001fc002ac:  00 00 00 00 nop
   76:         INVALID();			INVALID();	
[  76] 0x900000001fc002b0:  0b f0 05 42 j		notimplemented
[  76] 0x900000001fc002b4:  00 00 00 00 nop
[  76] 0x900000001fc002b8:  0b f0 05 42 j		notimplemented
[  76] 0x900000001fc002bc:  00 00 00 00 nop
   77: 	INVALID();			INVALID(); /* 0x2c0 */
[  77] 0x900000001fc002c0:  0b f0 05 42 j		notimplemented
[  77] 0x900000001fc002c4:  00 00 00 00 nop
[  77] 0x900000001fc002c8:  0b f0 05 42 j		notimplemented
[  77] 0x900000001fc002cc:  00 00 00 00 nop
   78:         INVALID();			INVALID();	
[  78] 0x900000001fc002d0:  0b f0 05 42 j		notimplemented
[  78] 0x900000001fc002d4:  00 00 00 00 nop
[  78] 0x900000001fc002d8:  0b f0 05 42 j		notimplemented
[  78] 0x900000001fc002dc:  00 00 00 00 nop
   79: 	INVALID();			INVALID();
[  79] 0x900000001fc002e0:  0b f0 05 42 j		notimplemented
[  79] 0x900000001fc002e4:  00 00 00 00 nop
[  79] 0x900000001fc002e8:  0b f0 05 42 j		notimplemented
[  79] 0x900000001fc002ec:  00 00 00 00 nop
   80:         INVALID();			INVALID();	
[  80] 0x900000001fc002f0:  0b f0 05 42 j		notimplemented
[  80] 0x900000001fc002f4:  00 00 00 00 nop
[  80] 0x900000001fc002f8:  0b f0 05 42 j		notimplemented
[  80] 0x900000001fc002fc:  00 00 00 