


     2-D ITERATION BEHAVIOR

   IT    X-RES      Y-RES

    1 0.4575E+00 0.4503E+00
    2 0.3334E+00 0.3270E+00
    3 0.2453E+00 0.2397E+00
    4 0.1773E+00 0.1725E+00
    5 0.1742E+00 0.1650E+00
    6 0.2062E+00 0.1925E+00
    7 0.2255E+00 0.2074E+00
    8 0.2271E+00 0.2053E+00
    9 0.2097E+00 0.1857E+00
   10 0.1778E+00 0.1535E+00
   11 0.1389E+00 0.1165E+00
   12 0.1648E+00 0.1268E+00
   13 0.1933E+00 0.1424E+00
   14 0.2091E+00 0.1458E+00
   15 0.2078E+00 0.1348E+00
   16 0.1890E+00 0.1121E+00
   17 0.1577E+00 0.8397E-01
   18 0.1295E+00 0.5697E-01
   19 0.1615E+00 0.5752E-01
   20 0.1859E+00 0.5299E-01
   21 0.1973E+00 0.4238E-01
   22 0.1921E+00 0.3430E-01
   23 0.1711E+00 0.3129E-01
   24 0.1400E+00 0.2621E-01
   25 0.1289E+00 0.2448E-01
   26 0.1577E+00 0.3056E-01
   27 0.1782E+00 0.3525E-01
   28 0.1853E+00 0.3745E-01
   29 0.1767E+00 0.3646E-01
   30 0.1542E+00 0.3251E-01
   31 0.1237E+00 0.2665E-01
   32 0.1278E+00 0.2788E-01
   33 0.1534E+00 0.3410E-01
   34 0.1700E+00 0.3853E-01
   35 0.1732E+00 0.4004E-01
   36 0.1617E+00 0.3810E-01
   37 0.1382E+00 0.3322E-01
   38 0.1087E+00 0.2667E-01
   39 0.1262E+00 0.3129E-01
   40 0.1486E+00 0.3750E-01
   41 0.1614E+00 0.4149E-01
   42 0.1611E+00 0.4216E-01
   43 0.1471E+00 0.3922E-01
   44 0.1232E+00 0.3346E-01
   45 0.9912E-01 0.2726E-01
   46 0.1241E+00 0.3468E-01
   47 0.1433E+00 0.4072E-01
   48 0.1526E+00 0.4410E-01
   49 0.1490E+00 0.4382E-01
   50 0.1332E+00 0.3985E-01
   51 0.1092E+00 0.3327E-01
   52 0.9908E-01 0.3051E-01
   53 0.1215E+00 0.3801E-01
   54 0.1376E+00 0.4373E-01
   55 0.1435E+00 0.4634E-01
   56 0.1371E+00 0.4500E-01
   57 0.1199E+00 0.4001E-01
   58 0.9632E-01 0.3269E-01
   59 0.9865E-01 0.3382E-01
   60 0.1186E+00 0.4127E-01
   61 0.1316E+00 0.4650E-01
   62 0.1343E+00 0.4818E-01
   63 0.1255E+00 0.4571E-01
   64 0.1073E+00 0.3973E-01
   65 0.8444E-01 0.3178E-01
   66 0.9787E-01 0.3717E-01
   67 0.1153E+00 0.4442E-01
   68 0.1253E+00 0.4899E-01
   69 0.1250E+00 0.4961E-01
   70 0.1141E+00 0.4597E-01
   71 0.9548E-01 0.3906E-01
   72 0.7734E-01 0.3197E-01
   73 0.9675E-01 0.4054E-01
   74 0.1117E+00 0.4744E-01
   75 0.1187E+00 0.5116E-01
   76 0.1157E+00 0.5059E-01
   77 0.1032E+00 0.4578E-01
   78 0.8443E-01 0.3802E-01
   79 0.7785E-01 0.3540E-01
   80 0.9530E-01 0.4391E-01
   81 0.1077E+00 0.5028E-01
   82 0.1119E+00 0.5298E-01
   83 0.1065E+00 0.5113E-01
   84 0.9271E-01 0.4516E-01
   85 0.7417E-01 0.3666E-01
   86 0.7808E-01 0.3895E-01
   87 0.9352E-01 0.4725E-01
   88 0.1033E+00 0.5290E-01
   89 0.1049E+00 0.5441E-01
   90 0.9734E-01 0.5121E-01
   91 0.8273E-01 0.4414E-01
   92 0.6469E-01 0.3501E-01
   93 0.7803E-01 0.4259E-01
   94 0.9140E-01 0.5052E-01
   95 0.9867E-01 0.5524E-01
   96 0.9766E-01 0.5541E-01
   97 0.8837E-01 0.5083E-01
   98 0.7329E-01 0.4274E-01
   99 0.6254E-01 0.3684E-01
  100 0.7768E-01 0.4631E-01
  101 0.8893E-01 0.5367E-01
  102 0.9367E-01 0.5726E-01
  103 0.9032E-01 0.5594E-01
  104 0.7962E-01 0.4998E-01
  105 0.6441E-01 0.4099E-01
  106 0.6351E-01 0.4080E-01
  107 0.7703E-01 0.5007E-01
  108 0.8608E-01 0.5665E-01
  109 0.8833E-01 0.5887E-01
  110 0.8288E-01 0.5596E-01
  111 0.7113E-01 0.4867E-01
  112 0.5609E-01 0.3891E-01
  113 0.6423E-01 0.4496E-01
  114 0.7601E-01 0.5383E-01
  115 0.8281E-01 0.5935E-01
  116 0.8266E-01 0.6000E-01
  117 0.7538E-01 0.5543E-01
  118 0.6293E-01 0.4689E-01
  119 0.5161E-01 0.3889E-01
  120 0.6467E-01 0.4927E-01
  121 0.7460E-01 0.5749E-01
  122 0.7907E-01 0.6168E-01
  123 0.7665E-01 0.6055E-01
  124 0.6786E-01 0.5430E-01
  125 0.5507E-01 0.4466E-01
  126 0.5316E-01 0.4359E-01
  127 0.6478E-01 0.5370E-01
  128 0.7271E-01 0.6097E-01
  129 0.7483E-01 0.6350E-01
  130 0.7031E-01 0.6042E-01
  131 0.6036E-01 0.5254E-01
  132 0.4756E-01 0.4196E-01
  133 0.5452E-01 0.4861E-01
  134 0.6451E-01 0.5817E-01
  135 0.7027E-01 0.6409E-01
  136 0.7003E-01 0.6464E-01
  137 0.6365E-01 0.5950E-01
  138 0.5291E-01 0.5011E-01
  139 0.4471E-01 0.4286E-01
  140 0.5561E-01 0.5393E-01
  141 0.6375E-01 0.6254E-01
  142 0.6717E-01 0.6665E-01
  143 0.6463E-01 0.6491E-01
  144 0.5671E-01 0.5768E-01
  145 0.4557E-01 0.4695E-01
  146 0.4685E-01 0.4883E-01
  147 0.5633E-01 0.5943E-01
  148 0.6236E-01 0.6657E-01
  149 0.6330E-01 0.6837E-01
  150 0.5862E-01 0.6408E-01
  151 0.4953E-01 0.5484E-01
  152 0.3852E-01 0.4313E-01
  153 0.4868E-01 0.5520E-01
  154 0.5647E-01 0.6483E-01
  155 0.6013E-01 0.6989E-01
  156 0.5853E-01 0.6887E-01
  157 0.5196E-01 0.6190E-01
  158 0.4217E-01 0.5088E-01
  159 0.4104E-01 0.5001E-01
  160 0.4994E-01 0.6164E-01
  161 0.5568E-01 0.6962E-01
  162 0.5676E-01 0.7189E-01
  163 0.5271E-01 0.6763E-01
  164 0.4467E-01 0.5805E-01
  165 0.3468E-01 0.4566E-01
  166 0.4293E-01 0.5699E-01
  167 0.5012E-01 0.6743E-01
  168 0.5341E-01 0.7282E-01
  169 0.5178E-01 0.7155E-01
  170 0.4562E-01 0.6391E-01
  171 0.3669E-01 0.5210E-01
  172 0.3600E-01 0.5145E-01
  173 0.4363E-01 0.6318E-01
  174 0.4837E-01 0.7101E-01
  175 0.4872E-01 0.7253E-01
  176 0.4445E-01 0.6710E-01
  177 0.3681E-01 0.5637E-01
  178 0.3036E-01 0.4686E-01
  179 0.3762E-01 0.5881E-01
  180 0.4240E-01 0.6717E-01
  181 0.4337E-01 0.6966E-01
  182 0.4010E-01 0.6533E-01
  183 0.3353E-01 0.5542E-01
  184 0.2544E-01 0.4268E-01
  185 0.2811E-01 0.4757E-01
  186 0.3184E-01 0.5458E-01
  187 0.3228E-01 0.5610E-01
  188 0.2914E-01 0.5137E-01
  189 0.2343E-01 0.4192E-01
  190 0.1688E-01 0.3065E-01
  191 0.1353E-01 0.2483E-01
  192 0.1360E-01 0.2530E-01
  193 0.1175E-01 0.2216E-01
  194 0.8746E-02 0.1674E-01
  195 0.5697E-02 0.1107E-01
  196 0.5424E-02 0.7928E-02
  197 0.5247E-02 0.7420E-02
  198 0.4517E-02 0.6085E-02
  199 0.3460E-02 0.5186E-02
  200 0.2492E-02 0.4894E-02
  201 0.2065E-02 0.4125E-02
  202 0.1950E-02 0.3821E-02
  203 0.1787E-02 0.3563E-02
  204 0.1535E-02 0.3010E-02
  205 0.1508E-02 0.3001E-02
  206 0.1352E-02 0.2739E-02
  207 0.1269E-02 0.2523E-02
  208 0.1205E-02 0.2438E-02
  209 0.1075E-02 0.2171E-02
  210 0.1067E-02 0.2157E-02
  211 0.9804E-03 0.2018E-02
  212 0.9449E-03 0.1910E-02
  213 0.9032E-03 0.1858E-02
  214 0.8402E-03 0.1698E-02
  215 0.8290E-03 0.1705E-02
  216 0.7658E-03 0.1603E-02
  217 0.7603E-03 0.1564E-02
  218 0.7238E-03 0.1515E-02
  219 0.6976E-03 0.1435E-02
  220 0.6814E-03 0.1426E-02
  221 0.6410E-03 0.1337E-02
  222 0.6400E-03 0.1340E-02
  223 0.6044E-03 0.1288E-02
  224 0.6004E-03 0.1257E-02
  225 0.5795E-03 0.1235E-02
  226 0.5628E-03 0.1179E-02
  227 0.5538E-03 0.1180E-02
  228 0.5275E-03 0.1123E-02
  229 0.5279E-03 0.1125E-02
  230 0.5032E-03 0.1091E-02
  231 0.5024E-03 0.1071E-02
  232 0.4872E-03 0.1057E-02
  233 0.4775E-03 0.1018E-02
  234 0.4703E-03 0.1020E-02
  235 0.4534E-03 0.9769E-03
  236 0.4529E-03 0.9827E-03
  237 0.4330E-03 0.9560E-03
  238 0.4354E-03 0.9447E-03
  239 0.4223E-03 0.9324E-03
  240 0.4178E-03 0.9068E-03
  241 0.4107E-03 0.9069E-03
  242 0.4005E-03 0.8702E-03
  243 0.3985E-03 0.8801E-03
  244 0.3834E-03 0.8560E-03
  245 0.3859E-03 0.8523E-03
  246 0.3735E-03 0.8395E-03
  247 0.3731E-03 0.8240E-03
  248 0.3654E-03 0.8212E-03
  249 0.3601E-03 0.7981E-03
  250 0.3566E-03 0.8015E-03
  251 0.3472E-03 0.7924E-03
  252 0.3473E-03 0.7893E-03
  253 0.3350E-03 0.7860E-03
  254 0.3377E-03 0.7826E-03
  255 0.3292E-03 0.7790E-03
  256 0.3279E-03 0.7753E-03
  257 0.3228E-03 0.7714E-03
  258 0.3179E-03 0.7674E-03
  259 0.3159E-03 0.7633E-03
  260 0.3078E-03 0.7598E-03
  261 0.3086E-03 0.7572E-03
  262 0.2994E-03 0.7545E-03
  263 0.3011E-03 0.7516E-03
  264 0.2947E-03 0.7486E-03
  265 0.2933E-03 0.7455E-03
  266 0.2896E-03 0.7422E-03
  267 0.2854E-03 0.7387E-03
  268 0.2841E-03 0.7352E-03
  269 0.2774E-03 0.7315E-03
  270 0.2783E-03 0.7277E-03
  271 0.2713E-03 0.7244E-03
  272 0.2722E-03 0.7220E-03
  273 0.2670E-03 0.7195E-03
  274 0.2659E-03 0.7169E-03
  275 0.2629E-03 0.7141E-03
  276 0.2595E-03 0.7112E-03
  277 0.2584E-03 0.7082E-03
  278 0.2534E-03 0.7051E-03
  279 0.2537E-03 0.7018E-03
  280 0.2489E-03 0.6985E-03
  281 0.2487E-03 0.6950E-03
  282 0.2443E-03 0.6916E-03
  283 0.2436E-03 0.6894E-03
  284 0.2409E-03 0.6871E-03
  285 0.2384E-03 0.6847E-03
  286 0.2372E-03 0.6822E-03
  287 0.2337E-03 0.6796E-03
  288 0.2334E-03 0.6769E-03
  289 0.2299E-03 0.6741E-03
  290 0.2293E-03 0.6711E-03
  291 0.2260E-03 0.6681E-03
  292 0.2251E-03 0.6650E-03
  293 0.2225E-03 0.6618E-03
  294 0.2208E-03 0.6595E-03
  295 0.2195E-03 0.6574E-03
  296 0.2170E-03 0.6553E-03
  297 0.2163E-03 0.6530E-03
  298 0.2138E-03 0.6507E-03
  299 0.2130E-03 0.6482E-03
  300 0.2105E-03 0.6457E-03
  301 0.2095E-03 0.6431E-03
  302 0.2071E-03 0.6404E-03
  303 0.2059E-03 0.6376E-03
  304 0.2046E-03 0.6348E-03
  305 0.2027E-03 0.6323E-03
  306 0.2020E-03 0.6304E-03
  307 0.2000E-03 0.6286E-03
  308 0.1992E-03 0.6266E-03
  309 0.1973E-03 0.6245E-03
  310 0.1963E-03 0.6224E-03
  311 0.1944E-03 0.6201E-03
  312 0.1933E-03 0.6178E-03
  313 0.1920E-03 0.6154E-03
  314 0.1905E-03 0.6129E-03
  315 0.1898E-03 0.6104E-03
  316 0.1883E-03 0.6080E-03
  317 0.1875E-03 0.6065E-03
  318 0.1860E-03 0.6048E-03
  319 0.1851E-03 0.6031E-03
  320 0.1836E-03 0.6012E-03
  321 0.1826E-03 0.5993E-03
  322 0.1814E-03 0.5974E-03
  323 0.1803E-03 0.5953E-03
  324 0.1796E-03 0.5932E-03
  325 0.1784E-03 0.5910E-03
  326 0.1777E-03 0.5887E-03
  327 0.1765E-03 0.5868E-03
  328 0.1756E-03 0.5854E-03
  329 0.1744E-03 0.5839E-03
  330 0.1735E-03 0.5824E-03
  331 0.1727E-03 0.5808E-03
  332 0.1718E-03 0.5791E-03
  333 0.1712E-03 0.5773E-03
  334 0.1703E-03 0.5754E-03
  335 0.1696E-03 0.5735E-03
  336 0.1686E-03 0.5715E-03
  337 0.1679E-03 0.5694E-03
  338 0.1671E-03 0.5682E-03
  339 0.1664E-03 0.5669E-03
  340 0.1659E-03 0.5655E-03
  341 0.1651E-03 0.5641E-03
  342 0.1646E-03 0.5626E-03
  343 0.1638E-03 0.5610E-03
  344 0.1634E-03 0.5594E-03
  345 0.1633E-03 0.5576E-03
  346 0.1633E-03 0.5558E-03
  347 0.1632E-03 0.5539E-03
  348 0.1631E-03 0.5526E-03
  349 0.1630E-03 0.5514E-03
  350 0.1630E-03 0.5502E-03
  351 0.1630E-03 0.5488E-03
  352 0.1630E-03 0.5474E-03
  353 0.1629E-03 0.5459E-03
  354 0.1628E-03 0.5443E-03
  355 0.1627E-03 0.5427E-03
  356 0.1626E-03 0.5410E-03
  357 0.1626E-03 0.5392E-03
  358 0.1625E-03 0.5377E-03
  359 0.1625E-03 0.5364E-03
  360 0.1624E-03 0.5351E-03
  361 0.1623E-03 0.5337E-03
  362 0.1622E-03 0.5323E-03
  363 0.1620E-03 0.5308E-03
  364 0.1618E-03 0.5292E-03
  365 0.1616E-03 0.5275E-03
  366 0.1615E-03 0.5258E-03
  367 0.1613E-03 0.5240E-03
  368 0.1611E-03 0.5221E-03
  369 0.1609E-03 0.5204E-03
  370 0.1607E-03 0.5189E-03
  371 0.1604E-03 0.5174E-03
  372 0.1601E-03 0.5158E-03
  373 0.1598E-03 0.5141E-03
  374 0.1595E-03 0.5124E-03
  375 0.1591E-03 0.5106E-03
  376 0.1588E-03 0.5088E-03
  377 0.1584E-03 0.5069E-03
  378 0.1580E-03 0.5049E-03
  379 0.1575E-03 0.5029E-03
  380 0.1571E-03 0.5008E-03
  381 0.1566E-03 0.4987E-03
  382 0.1561E-03 0.4965E-03
  383 0.1556E-03 0.4943E-03
  384 0.1551E-03 0.4924E-03
  385 0.1545E-03 0.4904E-03
  386 0.1540E-03 0.4884E-03
  387 0.1534E-03 0.4863E-03
  388 0.1529E-03 0.4842E-03
  389 0.1523E-03 0.4820E-03
  390 0.1517E-03 0.4798E-03
  391 0.1511E-03 0.4775E-03
  392 0.1505E-03 0.4752E-03
  393 0.1499E-03 0.4729E-03
  394 0.1492E-03 0.4705E-03
  395 0.1486E-03 0.4680E-03
  396 0.1479E-03 0.4656E-03
  397 0.1472E-03 0.4631E-03
  398 0.1465E-03 0.4605E-03
  399 0.1458E-03 0.4580E-03
  400 0.1451E-03 0.4554E-03
  401 0.1444E-03 0.4527E-03
  402 0.1436E-03 0.4501E-03
  403 0.1429E-03 0.4474E-03
  404 0.1421E-03 0.4446E-03
  405 0.1413E-03 0.4419E-03
  406 0.1406E-03 0.4391E-03
  407 0.1398E-03 0.4363E-03
  408 0.1390E-03 0.4337E-03
  409 0.1382E-03 0.4310E-03
  410 0.1374E-03 0.4284E-03
  411 0.1366E-03 0.4257E-03
  412 0.1358E-03 0.4230E-03
  413 0.1349E-03 0.4203E-03
  414 0.1341E-03 0.4176E-03
  415 0.1333E-03 0.4148E-03
  416 0.1324E-03 0.4120E-03
  417 0.1316E-03 0.4093E-03
  418 0.1307E-03 0.4065E-03
  419 0.1299E-03 0.4037E-03
  420 0.1290E-03 0.4008E-03
  421 0.1281E-03 0.3980E-03
  422 0.1273E-03 0.3951E-03
  423 0.1264E-03 0.3923E-03
  424 0.1255E-03 0.3894E-03
  425 0.1246E-03 0.3865E-03
  426 0.1238E-03 0.3837E-03
  427 0.1229E-03 0.3808E-03
  428 0.1220E-03 0.3779E-03
  429 0.1211E-03 0.3750E-03
  430 0.1202E-03 0.3721E-03
  431 0.1193E-03 0.3692E-03
  432 0.1184E-03 0.3662E-03
  433 0.1176E-03 0.3633E-03
  434 0.1167E-03 0.3604E-03
  435 0.1158E-03 0.3575E-03
  436 0.1149E-03 0.3546E-03
  437 0.1140E-03 0.3517E-03
  438 0.1131E-03 0.3488E-03
  439 0.1122E-03 0.3458E-03
  440 0.1113E-03 0.3429E-03
  441 0.1104E-03 0.3400E-03
  442 0.1095E-03 0.3371E-03
  443 0.1086E-03 0.3342E-03
  444 0.1078E-03 0.3313E-03
  445 0.1069E-03 0.3284E-03
  446 0.1060E-03 0.3255E-03
  447 0.1051E-03 0.3227E-03
  448 0.1042E-03 0.3199E-03
  449 0.1034E-03 0.3172E-03
  450 0.1025E-03 0.3145E-03
  451 0.1017E-03 0.3118E-03
  452 0.1009E-03 0.3091E-03
  453 0.1000E-03 0.3064E-03
  454 0.9919E-04 0.3037E-03
  455 0.9836E-04 0.3011E-03
  456 0.9753E-04 0.2984E-03
  457 0.9670E-04 0.2958E-03
  458 0.9588E-04 0.2931E-03
  459 0.9506E-04 0.2905E-03
  460 0.9424E-04 0.2878E-03
  461 0.9343E-04 0.2852E-03
  462 0.9262E-04 0.2826E-03
  463 0.9181E-04 0.2800E-03
  464 0.9101E-04 0.2774E-03
  465 0.9020E-04 0.2749E-03
  466 0.8941E-04 0.2723E-03
  467 0.8861E-04 0.2698E-03
  468 0.8782E-04 0.2672E-03
  469 0.8703E-04 0.2647E-03
  470 0.8625E-04 0.2622E-03
  471 0.8547E-04 0.2597E-03
  472 0.8469E-04 0.2572E-03
  473 0.8392E-04 0.2547E-03
  474 0.8315E-04 0.2522E-03
  475 0.8239E-04 0.2498E-03
  476 0.8163E-04 0.2474E-03
  477 0.8087E-04 0.2449E-03
  478 0.8012E-04 0.2425E-03
  479 0.7937E-04 0.2401E-03
  480 0.7863E-04 0.2377E-03
  481 0.7789E-04 0.2354E-03
  482 0.7715E-04 0.2330E-03
  483 0.7642E-04 0.2307E-03
  484 0.7570E-04 0.2284E-03
  485 0.7497E-04 0.2260E-03
  486 0.7425E-04 0.2238E-03
  487 0.7354E-04 0.2215E-03
  488 0.7283E-04 0.2192E-03
  489 0.7212E-04 0.2169E-03
  490 0.7142E-04 0.2147E-03
  491 0.7073E-04 0.2125E-03
  492 0.7004E-04 0.2103E-03
  493 0.6935E-04 0.2083E-03
  494 0.6867E-04 0.2062E-03
  495 0.6799E-04 0.2042E-03
  496 0.6731E-04 0.2021E-03
  497 0.6664E-04 0.2001E-03
  498 0.6598E-04 0.1981E-03
  499 0.6532E-04 0.1961E-03
  500 0.6469E-04 0.1942E-03
